{"error":"open ./device.json: The system cannot find the file specified.","level":"error","msg":"unable to read './device.json'","time":"2021-03-10T11:19:52+08:00","util":"ReadFile"}
{"error":"open ./device.json: The system cannot find the file specified.","level":"error","msg":"unable to read './device.json'","time":"2021-03-10T11:29:41+08:00","util":"ReadFile"}
{"bot":"internal","level":"info","msg":"initializing modules ...","time":"2021-03-10T11:30:22+08:00"}
{"bot":"internal","level":"info","msg":"all modules initialized","time":"2021-03-10T11:30:22+08:00"}
{"bot":"internal","level":"info","msg":"registering modules serve functions ...","time":"2021-03-10T11:30:22+08:00"}
{"bot":"internal","level":"info","msg":"all modules serve functions registered","time":"2021-03-10T11:30:22+08:00"}
{"bot":"internal","level":"info","msg":"starting modules tasks ...","time":"2021-03-10T11:30:22+08:00"}
{"bot":"internal","level":"info","msg":"tasks running","time":"2021-03-10T11:30:22+08:00"}
{"bot":"internal","level":"info","msg":"bot login: Stray_Camel","time":"2021-03-10T11:31:16+08:00"}
{"bot":"internal","level":"info","msg":"start reload friends list","time":"2021-03-10T11:31:16+08:00"}
{"bot":"internal","level":"info","msg":"load 530 friends","time":"2021-03-10T11:31:16+08:00"}
{"bot":"internal","level":"info","msg":"start reload groups list","time":"2021-03-10T11:31:16+08:00"}
{"bot":"internal","level":"info","msg":"load 63 groups","time":"2021-03-10T11:31:21+08:00"}
{"bot":"internal","level":"info","msg":"stopped","time":"2021-03-10T11:32:05+08:00"}
{"bot":"internal","level":"info","msg":"initializing modules ...","time":"2021-03-10T11:49:06+08:00"}
{"bot":"internal","level":"info","msg":"all modules initialized","time":"2021-03-10T11:49:06+08:00"}
{"bot":"internal","level":"info","msg":"registering modules serve functions ...","time":"2021-03-10T11:49:06+08:00"}
{"bot":"internal","level":"info","msg":"all modules serve functions registered","time":"2021-03-10T11:49:06+08:00"}
{"bot":"internal","level":"info","msg":"starting modules tasks ...","time":"2021-03-10T11:49:06+08:00"}
{"bot":"internal","level":"info","msg":"tasks running","time":"2021-03-10T11:49:06+08:00"}
{"bot":"internal","level":"info","msg":"bot login: Bot Camel","time":"2021-03-10T11:49:33+08:00"}
{"bot":"internal","level":"info","msg":"start reload friends list","time":"2021-03-10T11:49:33+08:00"}
{"bot":"internal","level":"info","msg":"load 3 friends","time":"2021-03-10T11:49:33+08:00"}
{"bot":"internal","level":"info","msg":"start reload groups list","time":"2021-03-10T11:49:33+08:00"}
{"bot":"internal","level":"info","msg":"load 0 groups","time":"2021-03-10T11:49:33+08:00"}
{"MessageID":8635,"MessageIID":17699942,"SenderID":1351975058,"Target":1690137898,"from":"PrivateMessage","level":"info","module":"internal.logging","msg":"123","time":"2021-03-10T11:49:37+08:00"}
{"bot":"internal","level":"info","msg":"stopped","time":"2021-03-10T11:56:04+08:00"}
